<?xml version="1.0" encoding="UTF-8"?>
<!-- Generated by org.testng.reporters.JUnitReportReporter -->
<testsuite hostname="DGB-C02VH08BH" failures="0" tests="2" name="End2End.HomePage" time="47.310" errors="0" timestamp="30 Aug 2019 18:30:34 GMT" skipped="0">
  <testcase classname="End2End.HomePage" name="basePageNavigation" time="15.415"/>
  <testcase classname="End2End.HomePage" name="basePageNavigation" time="31.895"/>
</testsuite> <!-- End2End.HomePage -->
