<?xml version="1.0" encoding="UTF-8"?>
<!-- Generated by org.testng.reporters.JUnitReportReporter -->
<testsuite hostname="DGB-C02VH08BH" failures="0" tests="1" name="End2End.ValidateTitle" time="0.026" errors="0" timestamp="30 Aug 2019 18:30:34 GMT" skipped="0">
  <testcase classname="End2End.ValidateTitle" name="basePageNavigation" time="0.026"/>
</testsuite> <!-- End2End.ValidateTitle -->
